2021-02-07 12:26:23.812  INFO 9900 --- [main] c.g.lifecapsule.LifecapsuleApplication   : Starting LifecapsuleApplication on LAPTOP-1JT3QSAK with PID 9900 (D:\projects\lifecapsule\api\target\classes started by liuyang in D:\projects\lifecapsule\api)
2021-02-07 12:26:23.839  INFO 9900 --- [main] c.g.lifecapsule.LifecapsuleApplication   : No active profile set, falling back to default profiles: default
2021-02-07 12:26:25.777  INFO 9900 --- [main] o.s.b.w.embedded.tomcat.TomcatWebServer  : Tomcat initialized with port(s): 8088 (http)
2021-02-07 12:26:25.820  INFO 9900 --- [main] o.apache.catalina.core.StandardService   : Starting service [Tomcat]
2021-02-07 12:26:25.821  INFO 9900 --- [main] org.apache.catalina.core.StandardEngine  : Starting Servlet engine: [Apache Tomcat/9.0.21]
2021-02-07 12:26:26.025  INFO 9900 --- [main] o.a.c.c.C.[Tomcat].[localhost].[/]       : Initializing Spring embedded WebApplicationContext
2021-02-07 12:26:26.025  INFO 9900 --- [main] o.s.web.context.ContextLoader            : Root WebApplicationContext: initialization completed in 2129 ms
2021-02-07 12:26:26.986  INFO 9900 --- [main] o.s.s.concurrent.ThreadPoolTaskExecutor  : Initializing ExecutorService 'applicationTaskExecutor'
2021-02-07 12:26:27.237  INFO 9900 --- [main] com.zaxxer.hikari.HikariDataSource       : HikariPool-1 - Starting...
2021-02-07 12:26:28.214  INFO 9900 --- [main] com.zaxxer.hikari.HikariDataSource       : HikariPool-1 - Start completed.
2021-02-07 12:26:28.259  INFO 9900 --- [main] org.quartz.impl.StdSchedulerFactory      : Using default implementation for ThreadExecutor
2021-02-07 12:26:28.287  INFO 9900 --- [main] org.quartz.core.SchedulerSignalerImpl    : Initialized Scheduler Signaller of type: class org.quartz.core.SchedulerSignalerImpl
2021-02-07 12:26:28.288  INFO 9900 --- [main] org.quartz.core.QuartzScheduler          : Quartz Scheduler v.2.3.1 created.
2021-02-07 12:26:28.290  INFO 9900 --- [main] org.quartz.simpl.RAMJobStore             : RAMJobStore initialized.
2021-02-07 12:26:28.292  INFO 9900 --- [main] org.quartz.core.QuartzScheduler          : Scheduler meta-data: Quartz Scheduler (v2.3.1) 'quartzScheduler' with instanceId 'NON_CLUSTERED'
  Scheduler class: 'org.quartz.core.QuartzScheduler' - running locally.
  NOT STARTED.
  Currently in standby mode.
  Number of jobs executed: 0
  Using thread pool 'org.quartz.simpl.SimpleThreadPool' - with 10 threads.
  Using job-store 'org.quartz.simpl.RAMJobStore' - which does not support persistence. and is not clustered.

2021-02-07 12:26:28.292  INFO 9900 --- [main] org.quartz.impl.StdSchedulerFactory      : Quartz scheduler 'quartzScheduler' initialized from an externally provided properties instance.
2021-02-07 12:26:28.293  INFO 9900 --- [main] org.quartz.impl.StdSchedulerFactory      : Quartz scheduler version: 2.3.1
2021-02-07 12:26:28.293  INFO 9900 --- [main] org.quartz.core.QuartzScheduler          : JobFactory set to: org.springframework.scheduling.quartz.SpringBeanJobFactory@64a1116a
2021-02-07 12:26:28.364  INFO 9900 --- [main] o.s.s.quartz.SchedulerFactoryBean        : Starting Quartz Scheduler now
2021-02-07 12:26:28.365  INFO 9900 --- [main] org.quartz.core.QuartzScheduler          : Scheduler quartzScheduler_$_NON_CLUSTERED started.
2021-02-07 12:26:28.381  INFO 9900 --- [quartzScheduler_Worker-1] c.g.l.b.admin.backJob.GogoKeyProcessor   : Trigger processor started
2021-02-07 12:26:28.422  INFO 9900 --- [main] o.s.b.w.embedded.tomcat.TomcatWebServer  : Tomcat started on port(s): 8088 (http) with context path ''
2021-02-07 12:26:28.429  INFO 9900 --- [main] c.g.lifecapsule.LifecapsuleApplication   : Started LifecapsuleApplication in 5.269 seconds (JVM running for 8.334)
2021-02-07 12:38:57.460  WARN 9900 --- [HikariPool-1 housekeeper] com.zaxxer.hikari.pool.HikariPool        : HikariPool-1 - Thread starvation or clock leap detected (housekeeper delta=9m59s124ms504µs300ns).
